<?xml version="1.0" encoding="UTF-8"?>
<!-- Generated by org.testng.reporters.JUnitXMLReporter -->
<testsuite ignored="1" hostname="SujaniLaptop" failures="1" tests="2" name="Error Validation Test" time="39.105" errors="0" timestamp="2025-02-14T17:01:21 MST">
  <testcase classname="sujaniacademy.tests.ErrorValidationsTest" name="errorLoginValidation" time="1.245">
    <skipped/>
  </testcase> <!-- errorLoginValidation -->
  <testcase classname="sujaniacademy.tests.ErrorValidationsTest" name="errorLoginValidation" time="1.337">
    <failure type="java.lang.AssertionError" message="expected [Incorrect email or password.1] but found [Incorrect email or password.]">
      <![CDATA[java.lang.AssertionError: expected [Incorrect email or password.1] but found [Incorrect email or password.]
at sujaniacademy.tests.ErrorValidationsTest.errorLoginValidation(ErrorValidationsTest.java:20)
at java.base/java.util.ArrayList.forEach(ArrayList.java:1597)
at java.base/java.util.concurrent.FutureTask.run(FutureTask.java:317)
at java.base/java.util.concurrent.ThreadPoolExecutor.runWorker(ThreadPoolExecutor.java:1144)
at java.base/java.util.concurrent.ThreadPoolExecutor$Worker.run(ThreadPoolExecutor.java:642)
at java.base/java.lang.Thread.run(Thread.java:1575)
... Removed 21 stack frames]]>
    </failure>
  </testcase> <!-- errorLoginValidation -->
  <testcase classname="sujaniacademy.tests.ErrorValidationsTest" name="submitOrderError" time="0.0">
    <ignored/>
  </testcase> <!-- submitOrderError -->
</testsuite> <!-- Error Validation Test -->
